2025-10-31 05:32:26,174 [ERROR] LogOutputStream:75 - [STDERR_REDIRECT] 
2025-10-31 17:53:56,674 [INFO] Activator:176 - 


2025-10-31 17:53:56,676 [INFO] Activator:177 - !SESSION log4j initialized
2025-10-31 17:54:04,101 [INFO] LogOutputStream:77 - [STDOUT_REDIRECT] 
2025-10-31 17:54:06,184 [INFO] ApplicationProperties:184 - Using Application install path: C:\ST\STM32CubeIDE_1.17.0\STM32CubeIDE\plugins\com.st.stm32cube.common.mx_6.15.0.202507011659
2025-10-31 17:54:06,202 [INFO] DbMcusXml:78 - Set database path to: C:\ST\STM32CubeIDE_1.17.0\STM32CubeIDE\plugins\com.st.stm32cube.common.mx_6.15.0.202507011659\\db\/mcu/
2025-10-31 17:54:06,202 [INFO] ApiDb:274 - Set plugin database path to: C:\ST\STM32CubeIDE_1.17.0\STM32CubeIDE\plugins\com.st.stm32cube.common.mx_6.15.0.202507011659\\db\/plugins/boardmanager/
2025-10-31 17:54:06,203 [WARN] ApiDb:259 - Overriding images path with different value:  => C:\ST\STM32CubeIDE_1.17.0\STM32CubeIDE\plugins\com.st.stm32cube.common.mx_6.15.0.202507011659\\db\/plugins/mcufinder/images/
2025-10-31 17:54:06,209 [INFO] ApiDb:250 - Set database path to: C:\Users\FA\.stmcufinder\plugins\mcufinder//mcu/
2025-10-31 17:54:06,210 [INFO] DbMcusAds:125 - Set database path to: C:\Users\FA\.stmcufinder\plugins\mcufinder//mcu/
2025-10-31 17:54:06,213 [INFO] CrossReferenceDbSqlite:203 - Set database path to: C:\Users\FA\.stmcufinder\plugins\mcufinder//mcu/cs/
2025-10-31 17:54:06,337 [INFO] RulesReader:64 - Compatibility file has been processed (317 Rules)
2025-10-31 17:54:06,447 [INFO] DbMcusXml:78 - Set database path to: C:\ST\STM32CubeIDE_1.17.0\STM32CubeIDE\plugins\com.st.stm32cube.common.mx_6.15.0.202507011659\\db\/mcu/
2025-10-31 17:54:06,448 [INFO] ApiDb:274 - Set plugin database path to: C:\ST\STM32CubeIDE_1.17.0\STM32CubeIDE\plugins\com.st.stm32cube.common.mx_6.15.0.202507011659\\db\/plugins/boardmanager/
2025-10-31 17:54:06,448 [INFO] ApiDb:261 - Set plugin images path to: C:\ST\STM32CubeIDE_1.17.0\STM32CubeIDE\plugins\com.st.stm32cube.common.mx_6.15.0.202507011659\\db\/plugins/mcufinder/images/
2025-10-31 17:54:06,448 [WARN] DbFile:41 - Overriding database path with different value: C:\Users\FA\.stmcufinder\plugins\mcufinder/ => C:\Users\FA\.stmcufinder\plugins\mcufinder
2025-10-31 17:54:06,448 [INFO] ApiDb:250 - Set database path to: C:\Users\FA\.stmcufinder\plugins\mcufinder//mcu/
2025-10-31 17:54:06,448 [WARN] DbFile:41 - Overriding database path with different value: C:\Users\FA\.stmcufinder\plugins\mcufinder/ => C:\Users\FA\.stmcufinder\plugins\mcufinder
2025-10-31 17:54:06,448 [INFO] DbMcusAds:125 - Set database path to: C:\Users\FA\.stmcufinder\plugins\mcufinder//mcu/
2025-10-31 17:54:06,448 [WARN] DbFile:41 - Overriding database path with different value: C:\Users\FA\.stmcufinder\plugins\mcufinder/ => C:\Users\FA\.stmcufinder\plugins\mcufinder
2025-10-31 17:54:06,448 [WARN] DbFile:41 - Overriding database path with different value: C:\Users\FA\.stmcufinder\plugins\mcufinder/ => C:\Users\FA\.stmcufinder\plugins\mcufinder
2025-10-31 17:54:06,449 [INFO] CrossReferenceDbSqlite:203 - Set database path to: C:\Users\FA\.stmcufinder\plugins\mcufinder//mcu/cs/
2025-10-31 17:54:06,544 [INFO] MainPanel:274 - HeapMemory: 268435456
2025-10-31 17:54:06,684 [INFO] DbMcusXml:78 - Set database path to: C:\ST\STM32CubeIDE_1.17.0\STM32CubeIDE\plugins\com.st.stm32cube.common.mx_6.15.0.202507011659\\db\/mcu/
2025-10-31 17:54:06,684 [INFO] ApiDb:274 - Set plugin database path to: C:\ST\STM32CubeIDE_1.17.0\STM32CubeIDE\plugins\com.st.stm32cube.common.mx_6.15.0.202507011659\\db\/plugins/boardmanager/
2025-10-31 17:54:06,684 [INFO] ApiDb:261 - Set plugin images path to: C:\ST\STM32CubeIDE_1.17.0\STM32CubeIDE\plugins\com.st.stm32cube.common.mx_6.15.0.202507011659\\db\/plugins/mcufinder/images/
2025-10-31 17:54:06,685 [WARN] DbFile:41 - Overriding database path with different value: C:\Users\FA\.stmcufinder\plugins\mcufinder/ => C:\Users\FA\.stmcufinder\plugins\mcufinder
2025-10-31 17:54:06,685 [INFO] ApiDb:250 - Set database path to: C:\Users\FA\.stmcufinder\plugins\mcufinder//mcu/
2025-10-31 17:54:06,685 [WARN] DbFile:41 - Overriding database path with different value: C:\Users\FA\.stmcufinder\plugins\mcufinder/ => C:\Users\FA\.stmcufinder\plugins\mcufinder
2025-10-31 17:54:06,685 [INFO] DbMcusAds:125 - Set database path to: C:\Users\FA\.stmcufinder\plugins\mcufinder//mcu/
2025-10-31 17:54:06,685 [WARN] DbFile:41 - Overriding database path with different value: C:\Users\FA\.stmcufinder\plugins\mcufinder/ => C:\Users\FA\.stmcufinder\plugins\mcufinder
2025-10-31 17:54:06,685 [WARN] DbFile:41 - Overriding database path with different value: C:\Users\FA\.stmcufinder\plugins\mcufinder/ => C:\Users\FA\.stmcufinder\plugins\mcufinder
2025-10-31 17:54:06,685 [INFO] CrossReferenceDbSqlite:203 - Set database path to: C:\Users\FA\.stmcufinder\plugins\mcufinder//mcu/cs/
2025-10-31 17:54:06,703 [INFO] ApplicationProperties:184 - Using Application install path: C:\ST\STM32CubeIDE_1.17.0\STM32CubeIDE\plugins\com.st.stm32cube.common.mx_6.15.0.202507011659
2025-10-31 17:54:06,704 [INFO] PluginManage:196 - Search for loadable plugins [exclusion list=, ]
2025-10-31 17:54:06,706 [INFO] PluginManage:310 - Check plugin analytics
2025-10-31 17:54:06,941 [INFO] AnalyticsPlugin:253 - Accepted Software Licenses: 
2025-10-31 17:54:06,941 [INFO] AnalyticsPlugin:255 - Accepted CMSIS Pack Licenses: 
2025-10-31 17:54:06,942 [INFO] AnalyticsPlugin:257 - Accepted Firmware Licenses: FW.L4.1.18.0
2025-10-31 17:54:06,945 [INFO] PluginManage:359 - Loaded plugin analytics (category:tool,tabindex:-1)
2025-10-31 17:54:06,947 [INFO] PluginManage:310 - Check plugin cadmodel
2025-10-31 17:54:06,954 [INFO] CADModel:105 - Init CAD model plugin
2025-10-31 17:54:06,955 [INFO] PluginManage:359 - Loaded plugin cadmodel (category:power,tabindex:5)
2025-10-31 17:54:06,955 [INFO] PluginManage:310 - Check plugin clock
2025-10-31 17:54:06,967 [INFO] PluginManage:359 - Loaded plugin clock (category:base,tabindex:2)
2025-10-31 17:54:06,968 [INFO] PluginManage:310 - Check plugin ddr
2025-10-31 17:54:06,972 [INFO] PluginManage:359 - Loaded plugin ddr (category:tool,tabindex:6)
2025-10-31 17:54:06,972 [INFO] PluginManage:310 - Check plugin filemanager
2025-10-31 17:54:07,124 [INFO] PluginManage:359 - Loaded plugin filemanager (category:base,tabindex:10)
2025-10-31 17:54:07,124 [INFO] PluginManage:310 - Check plugin ipmanager
2025-10-31 17:54:07,134 [INFO] PluginManage:359 - Loaded plugin ipmanager (category:base,tabindex:5)
2025-10-31 17:54:07,134 [INFO] PluginManage:310 - Check plugin lpbam
2025-10-31 17:54:07,141 [INFO] PluginManage:359 - Loaded plugin lpbam (category:base,tabindex:0)
2025-10-31 17:54:07,141 [INFO] PluginManage:310 - Check plugin memorymap
2025-10-31 17:54:07,158 [INFO] PluginManage:359 - Loaded plugin memorymap (category:base,tabindex:4)
2025-10-31 17:54:07,158 [INFO] PluginManage:310 - Check plugin pinoutandconfiguration
2025-10-31 17:54:07,167 [INFO] PluginManage:359 - Loaded plugin pinoutandconfiguration (category:base,tabindex:1)
2025-10-31 17:54:07,167 [INFO] PluginManage:310 - Check plugin pinoutconfig
2025-10-31 17:54:07,338 [WARN] SupportedApi:132 - Cannot load RTOS API schema: s4s-elt-must-match.1: The content of 'definitions' must match (annotation?, (simpleType | complexType)?, (unique | key | keyref)*)). A problem was found starting at: attribute.
2025-10-31 17:54:07,542 [INFO] PluginManage:359 - Loaded plugin pinoutconfig (category:base,tabindex:0)
2025-10-31 17:54:07,542 [INFO] PluginManage:310 - Check plugin power
2025-10-31 17:54:07,560 [INFO] PluginManage:359 - Loaded plugin power (category:power,tabindex:4)
2025-10-31 17:54:07,560 [INFO] PluginManage:310 - Check plugin projectmanager
2025-10-31 17:54:07,593 [INFO] PluginManage:359 - Loaded plugin projectmanager (category:projectmanager,tabindex:4)
2025-10-31 17:54:07,593 [INFO] PluginManage:310 - Check plugin rif
2025-10-31 17:54:07,606 [INFO] PluginManage:359 - Loaded plugin rif (category:base,tabindex:3)
2025-10-31 17:54:07,606 [INFO] PluginManage:310 - Check plugin thirdparty
2025-10-31 17:54:07,920 [INFO] PluginManage:359 - Loaded plugin thirdparty (category:base,tabindex:-1)
2025-10-31 17:54:07,920 [INFO] PluginManage:310 - Check plugin tools
2025-10-31 17:54:07,920 [WARN] IntegrityCheckThread:84 - waiting for thirdparty lock release [integrity check]
2025-10-31 17:54:07,921 [INFO] IntegrityCheckThread:86 - entering critical section [integrity check]
2025-10-31 17:54:07,921 [INFO] ThirdPartyUpdaterWithRetryManager:70 - Updater plugin not ready yet. [1/15]
2025-10-31 17:54:07,925 [INFO] PluginManage:359 - Loaded plugin tools (category:base,tabindex:7)
2025-10-31 17:54:07,925 [INFO] PluginManage:310 - Check plugin tutovideos
2025-10-31 17:54:08,220 [INFO] PluginManage:359 - Loaded plugin tutovideos (category:base,tabindex:-1)
2025-10-31 17:54:08,221 [INFO] PluginManage:310 - Check plugin updater
2025-10-31 17:54:08,260 [INFO] PluginManage:359 - Loaded plugin updater (category:base,tabindex:12)
2025-10-31 17:54:08,260 [INFO] PluginManage:310 - Check plugin userauth
2025-10-31 17:54:08,267 [INFO] UserAuth:118 - Init User Auth plugin
2025-10-31 17:54:08,268 [INFO] PluginManage:359 - Loaded plugin userauth (category:base,tabindex:14)
2025-10-31 17:54:08,269 [INFO] PluginManage:283 - PluginManage : Loaded plugins [18]
2025-10-31 17:54:08,865 [INFO] PinOutPanel:1589 - setPackage(No Configuration,No Configuration)
2025-10-31 17:54:08,992 [INFO] CADModel:165 - CPN selected for project level
2025-10-31 17:54:08,992 [INFO] CADModel:114 - Register for checkConnection events
2025-10-31 17:54:09,018 [INFO] IPUIPlugin:80 - create IPUIPlugin
2025-10-31 17:54:09,019 [INFO] PluginManager:220 - loadIPPluginJar : add adc
2025-10-31 17:54:09,022 [INFO] IPUIPlugin:80 - create IPUIPlugin
2025-10-31 17:54:09,022 [INFO] PluginManager:220 - loadIPPluginJar : add aes
2025-10-31 17:54:09,025 [INFO] IPUIPlugin:80 - create IPUIPlugin
2025-10-31 17:54:09,025 [INFO] PluginManager:220 - loadIPPluginJar : add can
2025-10-31 17:54:09,027 [INFO] IPUIPlugin:80 - create IPUIPlugin
2025-10-31 17:54:09,027 [INFO] PluginManager:220 - loadIPPluginJar : add comp
2025-10-31 17:54:09,031 [INFO] IPUIPlugin:80 - create IPUIPlugin
2025-10-31 17:54:09,032 [INFO] PluginManager:220 - loadIPPluginJar : add cryp
2025-10-31 17:54:09,036 [INFO] IPUIPlugin:80 - create IPUIPlugin
2025-10-31 17:54:09,036 [INFO] PluginManager:220 - loadIPPluginJar : add ddr_ctrl_phy
2025-10-31 17:54:09,039 [INFO] IPUIPlugin:80 - create IPUIPlugin
2025-10-31 17:54:09,039 [INFO] PluginManager:220 - loadIPPluginJar : add dfsdm
2025-10-31 17:54:09,045 [INFO] IPUIPlugin:80 - create IPUIPlugin
2025-10-31 17:54:09,047 [INFO] PluginManager:220 - loadIPPluginJar : add dma
2025-10-31 17:54:09,050 [INFO] IPUIPlugin:80 - create IPUIPlugin
2025-10-31 17:54:09,050 [INFO] PluginManager:220 - loadIPPluginJar : add dma3
2025-10-31 17:54:09,054 [INFO] IPUIPlugin:80 - create IPUIPlugin
2025-10-31 17:54:09,054 [INFO] PluginManager:220 - loadIPPluginJar : add extmemmanager
2025-10-31 17:54:09,057 [INFO] IPUIPlugin:80 - create IPUIPlugin
2025-10-31 17:54:09,057 [INFO] PluginManager:220 - loadIPPluginJar : add fatfs
2025-10-31 17:54:09,083 [INFO] IPUIPlugin:80 - create IPUIPlugin
2025-10-31 17:54:09,084 [INFO] PluginManager:220 - loadIPPluginJar : add fmc
2025-10-31 17:54:09,095 [INFO] IPUIPlugin:80 - create IPUIPlugin
2025-10-31 17:54:09,095 [INFO] PluginManager:220 - loadIPPluginJar : add freertos
2025-10-31 17:54:09,099 [INFO] IPUIPlugin:80 - create IPUIPlugin
2025-10-31 17:54:09,099 [INFO] PluginManager:220 - loadIPPluginJar : add genericplugin
2025-10-31 17:54:09,102 [INFO] IPUIPlugin:80 - create IPUIPlugin
2025-10-31 17:54:09,103 [INFO] PluginManager:220 - loadIPPluginJar : add gfxmmu
2025-10-31 17:54:09,108 [INFO] IPUIPlugin:80 - create IPUIPlugin
2025-10-31 17:54:09,108 [INFO] PluginManager:220 - loadIPPluginJar : add gic
2025-10-31 17:54:09,115 [INFO] IPUIPlugin:80 - create IPUIPlugin
2025-10-31 17:54:09,115 [INFO] PluginManager:220 - loadIPPluginJar : add gpio
2025-10-31 17:54:09,120 [INFO] IPUIPlugin:80 - create IPUIPlugin
2025-10-31 17:54:09,120 [INFO] PluginManager:220 - loadIPPluginJar : add gtzc
2025-10-31 17:54:09,122 [INFO] IPUIPlugin:80 - create IPUIPlugin
2025-10-31 17:54:09,122 [INFO] PluginManager:220 - loadIPPluginJar : add hash
2025-10-31 17:54:09,126 [INFO] IPUIPlugin:80 - create IPUIPlugin
2025-10-31 17:54:09,126 [INFO] PluginManager:220 - loadIPPluginJar : add i2c
2025-10-31 17:54:09,132 [INFO] IPUIPlugin:80 - create IPUIPlugin
2025-10-31 17:54:09,132 [INFO] PluginManager:220 - loadIPPluginJar : add i2s
2025-10-31 17:54:09,135 [INFO] IPUIPlugin:80 - create IPUIPlugin
2025-10-31 17:54:09,135 [INFO] PluginManager:220 - loadIPPluginJar : add i3c
2025-10-31 17:54:09,139 [INFO] IPUIPlugin:80 - create IPUIPlugin
2025-10-31 17:54:09,140 [INFO] PluginManager:220 - loadIPPluginJar : add ipddr
2025-10-31 17:54:09,150 [INFO] IPUIPlugin:80 - create IPUIPlugin
2025-10-31 17:54:09,150 [INFO] PluginManager:220 - loadIPPluginJar : add linkedlist
2025-10-31 17:54:09,154 [INFO] IPUIPlugin:80 - create IPUIPlugin
2025-10-31 17:54:09,154 [INFO] PluginManager:220 - loadIPPluginJar : add lorawan
2025-10-31 17:54:09,155 [INFO] IPUIPlugin:80 - create IPUIPlugin
2025-10-31 17:54:09,155 [INFO] PluginManager:220 - loadIPPluginJar : add ltdc
2025-10-31 17:54:09,165 [INFO] IPUIPlugin:80 - create IPUIPlugin
2025-10-31 17:54:09,166 [INFO] PluginManager:220 - loadIPPluginJar : add mdma
2025-10-31 17:54:09,171 [INFO] IPUIPlugin:80 - create IPUIPlugin
2025-10-31 17:54:09,171 [INFO] PluginManager:220 - loadIPPluginJar : add nvic
2025-10-31 17:54:09,177 [INFO] IPUIPlugin:80 - create IPUIPlugin
2025-10-31 17:54:09,177 [INFO] PluginManager:220 - loadIPPluginJar : add opamp
2025-10-31 17:54:09,182 [INFO] IPUIPlugin:80 - create IPUIPlugin
2025-10-31 17:54:09,184 [INFO] PluginManager:220 - loadIPPluginJar : add openamp
2025-10-31 17:54:09,188 [INFO] IPUIPlugin:80 - create IPUIPlugin
2025-10-31 17:54:09,188 [INFO] PluginManager:220 - loadIPPluginJar : add pdm2pcm
2025-10-31 17:54:09,196 [INFO] IPUIPlugin:80 - create IPUIPlugin
2025-10-31 17:54:09,200 [INFO] PluginManager:220 - loadIPPluginJar : add plateformsettings
2025-10-31 17:54:09,203 [INFO] IPUIPlugin:80 - create IPUIPlugin
2025-10-31 17:54:09,204 [INFO] PluginManager:220 - loadIPPluginJar : add quadspi
2025-10-31 17:54:09,206 [INFO] IPUIPlugin:80 - create IPUIPlugin
2025-10-31 17:54:09,206 [INFO] PluginManager:220 - loadIPPluginJar : add radio
2025-10-31 17:54:09,215 [INFO] IPUIPlugin:80 - create IPUIPlugin
2025-10-31 17:54:09,215 [INFO] PluginManager:220 - loadIPPluginJar : add resmgrutility
2025-10-31 17:54:09,220 [INFO] IPUIPlugin:80 - create IPUIPlugin
2025-10-31 17:54:09,220 [INFO] PluginManager:220 - loadIPPluginJar : add sai
2025-10-31 17:54:09,223 [INFO] IPUIPlugin:80 - create IPUIPlugin
2025-10-31 17:54:09,224 [INFO] PluginManager:220 - loadIPPluginJar : add spi
2025-10-31 17:54:09,234 [INFO] IPUIPlugin:80 - create IPUIPlugin
2025-10-31 17:54:09,234 [INFO] PluginManager:220 - loadIPPluginJar : add stm32_wpan
2025-10-31 17:54:09,238 [INFO] IPUIPlugin:80 - create IPUIPlugin
2025-10-31 17:54:09,238 [INFO] PluginManager:220 - loadIPPluginJar : add tim
2025-10-31 17:54:09,244 [INFO] IPUIPlugin:80 - create IPUIPlugin
2025-10-31 17:54:09,245 [INFO] PluginManager:220 - loadIPPluginJar : add touchsensing
2025-10-31 17:54:09,249 [INFO] IPUIPlugin:80 - create IPUIPlugin
2025-10-31 17:54:09,249 [INFO] PluginManager:220 - loadIPPluginJar : add tracer_emb
2025-10-31 17:54:09,255 [INFO] IPUIPlugin:80 - create IPUIPlugin
2025-10-31 17:54:09,256 [INFO] PluginManager:220 - loadIPPluginJar : add ts
2025-10-31 17:54:09,259 [INFO] IPUIPlugin:80 - create IPUIPlugin
2025-10-31 17:54:09,259 [INFO] PluginManager:220 - loadIPPluginJar : add tsc
2025-10-31 17:54:09,263 [INFO] IPUIPlugin:80 - create IPUIPlugin
2025-10-31 17:54:09,263 [INFO] PluginManager:220 - loadIPPluginJar : add ucpd
2025-10-31 17:54:09,268 [INFO] IPUIPlugin:80 - create IPUIPlugin
2025-10-31 17:54:09,268 [INFO] PluginManager:220 - loadIPPluginJar : add usart
2025-10-31 17:54:09,274 [INFO] IPUIPlugin:80 - create IPUIPlugin
2025-10-31 17:54:09,274 [INFO] PluginManager:220 - loadIPPluginJar : add usbx
2025-10-31 17:54:09,449 [FATAL] Updater:351 - Updater called before beeing initialized
2025-10-31 17:54:09,499 [INFO] RulesReader:64 - Compatibility file has been processed (317 Rules)
2025-10-31 17:54:09,520 [INFO] RulesReader:64 - Compatibility file has been processed (317 Rules)
2025-10-31 17:54:09,537 [INFO] CADModel:165 - CPN selected for project level
2025-10-31 17:54:09,537 [INFO] CADModel:114 - Register for checkConnection events
2025-10-31 17:54:09,537 [FATAL] Updater:351 - Updater called before beeing initialized
2025-10-31 17:54:09,537 [ERROR] CADModel:125 - Updater not yet initialized, retry later 
2025-10-31 17:54:09,770 [FATAL] Updater:351 - Updater called before beeing initialized
2025-10-31 17:54:09,774 [INFO] CADModel:165 - CPN selected for project level
2025-10-31 17:54:09,774 [INFO] CADModel:114 - Register for checkConnection events
2025-10-31 17:54:09,774 [FATAL] Updater:351 - Updater called before beeing initialized
2025-10-31 17:54:09,774 [ERROR] CADModel:125 - Updater not yet initialized, retry later 
2025-10-31 17:54:09,785 [FATAL] Updater:351 - Updater called before beeing initialized
2025-10-31 17:54:10,024 [FATAL] Updater:351 - Updater called before beeing initialized
2025-10-31 17:54:10,029 [INFO] DbMcusAds:53 - JSON generation date=Thu Oct 02 11:36:05 CEST 2025 (1759397765645)
2025-10-31 17:54:10,030 [FATAL] Updater:351 - Updater called before beeing initialized
2025-10-31 17:54:10,073 [WARN] DetailPanel:346 - Failed to get advertising image, set to default
2025-10-31 17:54:10,155 [FATAL] Updater:351 - Updater called before beeing initialized
2025-10-31 17:54:10,157 [FATAL] Updater:351 - Updater called before beeing initialized
2025-10-31 17:54:10,157 [FATAL] Updater:351 - Updater called before beeing initialized
2025-10-31 17:54:10,157 [WARN] DetailPanel:346 - Failed to get advertising image, set to default
2025-10-31 17:54:10,157 [FATAL] Updater:351 - Updater called before beeing initialized
2025-10-31 17:54:10,265 [ERROR] Updater:1198 - MainUpdater not yet initialized. External WinMGr cannot be set.
2025-10-31 17:54:10,267 [INFO] Updater:1134 - Updater Version found : 6.15.0
2025-10-31 17:54:10,287 [INFO] ApplicationProperties:184 - Using Application install path: C:\ST\STM32CubeIDE_1.17.0\STM32CubeIDE\plugins\com.st.stm32cube.common.mx_6.15.0.202507011659
2025-10-31 17:54:10,923 [INFO] ThirdPartyUpdaterWithRetryManager:70 - Updater plugin not ready yet. [2/15]
2025-10-31 17:54:11,908 [ERROR] LogOutputStream:75 - [STDERR_REDIRECT] Oct 31, 2025 5:54:11 PM java.util.prefs.WindowsPreferences <init>
2025-10-31 17:54:11,910 [ERROR] LogOutputStream:75 - [STDERR_REDIRECT] WARNING: Could not open/create prefs root node Software\JavaSoft\Prefs at root 0xffffffff80000002. Windows RegCreateKeyEx(...) returned error code 5.
2025-10-31 17:54:11,910 [ERROR] LogOutputStream:75 - [STDERR_REDIRECT] 
2025-10-31 17:54:13,486 [INFO] MainUpdater:2872 - connection check result : 10
2025-10-31 17:54:13,486 [INFO] MainUpdater:289 - Updater Check For Update Now.
2025-10-31 17:54:13,486 [INFO] MicroXplorer:498 - Change Database Version : DB.6.0.150
2025-10-31 17:54:13,500 [INFO] McuFinderGlobals:63 - Set McuFinder mode to 2 (CubeIDE integrated)
2025-10-31 17:54:13,501 [INFO] UserAuth:487 - Internet connection configuration mode: 1
2025-10-31 17:54:13,538 [INFO] JxBrowserEngine:152 - Initiate JxBrowser Engine with user profile folder
2025-10-31 17:54:13,756 [INFO] CheckServerUpdateThread:120 - End of CheckServer Thread
2025-10-31 17:54:14,319 [WARN] PackLoader:240 - Cannot read IP mode file for STMicroelectronics.FP-SNS-MOTENVWB1.1.4.0
2025-10-31 17:54:14,332 [WARN] PackLoader:240 - Cannot read IP mode file for STMicroelectronics.FP-ATR-ASTRA1.2.0.2
2025-10-31 17:54:14,337 [WARN] PackLoader:240 - Cannot read IP mode file for STMicroelectronics.FP-ATR-ASTRA1.2.0.1
2025-10-31 17:54:14,350 [WARN] PackLoader:240 - Cannot read IP mode file for STMicroelectronics.X-CUBE-SMBUS.2.1.0
2025-10-31 17:54:14,365 [WARN] PackLoader:240 - Cannot read IP mode file for STMicroelectronics.X-CUBE-WB05N.1.1.0
2025-10-31 17:54:14,372 [WARN] PackLoader:240 - Cannot read IP mode file for STMicroelectronics.X-CUBE-ST60.1.0.0
2025-10-31 17:54:14,429 [WARN] PackLoader:240 - Cannot read IP mode file for STMicroelectronics.X-CUBE-AZRTOS-F7.1.1.0
2025-10-31 17:54:14,445 [WARN] PackLoader:240 - Cannot read IP mode file for STMicroelectronics.FP-SNS-MOTENV1.5.1.0
2025-10-31 17:54:14,452 [WARN] PackLoader:240 - Cannot read IP mode file for STMicroelectronics.FP-SNS-FLIGHT1.5.0.2
2025-10-31 17:54:14,496 [WARN] PackLoader:240 - Cannot read IP mode file for Infineon.AIROC-Wi-Fi-Bluetooth-STM32.1.7.0
2025-10-31 17:54:14,582 [WARN] PackLoader:240 - Cannot read IP mode file for Infineon.AIROC-Wi-Fi-Bluetooth-STM32.1.7.1
2025-10-31 17:54:14,815 [WARN] PackLoader:240 - Cannot read IP mode file for STMicroelectronics.X-CUBE-AZRTOS-H7.3.4.0
2025-10-31 17:54:14,875 [WARN] PackLoader:240 - Cannot read IP mode file for STMicroelectronics.X-CUBE-DISPLAY.3.0.0
2025-10-31 17:54:14,931 [WARN] PackLoader:240 - Cannot read IP mode file for STMicroelectronics.X-CUBE-BLE1.7.0.0
2025-10-31 17:54:14,955 [WARN] PackLoader:240 - Cannot read IP mode file for STMicroelectronics.X-CUBE-NFC10.1.0.0
2025-10-31 17:54:15,036 [WARN] PackLoader:240 - Cannot read IP mode file for STMicroelectronics.X-CUBE-BLEMGR.4.0.0
2025-10-31 17:54:15,060 [WARN] PackLoader:240 - Cannot read IP mode file for STMicroelectronics.X-CUBE-ST60.1.1.0
2025-10-31 17:54:15,117 [WARN] PackLoader:240 - Cannot read IP mode file for emotas.I-CUBE-CANOPEN.1.3.0
2025-10-31 17:54:15,130 [WARN] ConditionMgr:438 - getConditionDescription Invalid condition id : Cortex-A Device cause : null
2025-10-31 17:54:15,159 [WARN] ConditionMgr:1044 - genDependencies : Invalid condition id : Cortex-A Device cause : null
2025-10-31 17:54:15,160 [WARN] ConditionMgr:1044 - genDependencies : Invalid condition id : Cortex-A Device cause : null
2025-10-31 17:54:15,160 [WARN] ConditionMgr:1044 - genDependencies : Invalid condition id : Cortex-A Device cause : null
2025-10-31 17:54:15,172 [WARN] PackLoader:240 - Cannot read IP mode file for STMicroelectronics.X-CUBE-AI.10.0.0
2025-10-31 17:54:15,191 [WARN] PackLoader:240 - Cannot read IP mode file for STMicroelectronics.FP-SNS-STBOX1.2.1.0
2025-10-31 17:54:15,205 [WARN] PackLoader:240 - Cannot read IP mode file for STMicroelectronics.FP-SNS-SMARTAG2.1.2.0
2025-10-31 17:54:15,212 [WARN] PackLoader:240 - Cannot read IP mode file for STMicroelectronics.FP-SNS-FLIGHT1.5.1.0
2025-10-31 17:54:15,549 [WARN] PackLoader:240 - Cannot read IP mode file for STMicroelectronics.X-CUBE-MEMS1.11.1.0
2025-10-31 17:54:15,774 [INFO] LogOutputStream:77 - [STDOUT_REDIRECT] 1 : Invalid condition id : UX_CORESTACK_Condition cause : null
2025-10-31 17:54:15,775 [INFO] LogOutputStream:77 - [STDOUT_REDIRECT] 1 : Invalid condition id : UX_CORESTACK_Condition cause : null
2025-10-31 17:54:15,779 [INFO] LogOutputStream:77 - [STDOUT_REDIRECT] 1 : Invalid condition id : UX_CORESTACK_Condition cause : null
2025-10-31 17:54:15,782 [INFO] LogOutputStream:77 - [STDOUT_REDIRECT] 1 : Invalid condition id : UX_CORESTACK_Condition cause : null
2025-10-31 17:54:15,783 [INFO] LogOutputStream:77 - [STDOUT_REDIRECT] 1 : Invalid condition id : UX_CORESTACK_Condition cause : null
2025-10-31 17:54:15,788 [WARN] PackLoader:240 - Cannot read IP mode file for STMicroelectronics.X-CUBE-AZRTOS-WL.2.0.0
2025-10-31 17:54:15,833 [WARN] PackLoader:240 - Cannot read IP mode file for STMicroelectronics.FP-SNS-MOTENV1.5.0.0
2025-10-31 17:54:15,920 [WARN] PackLoader:240 - Cannot read IP mode file for wolfSSL.I-CUBE-wolfMQTT.1.19.0
2025-10-31 17:54:15,955 [WARN] PackLoader:240 - Cannot read IP mode file for WES.I-CUBE-Cesium.1.3.0
2025-10-31 17:54:15,993 [WARN] PackLoader:240 - Cannot read IP mode file for STMicroelectronics.X-CUBE-BLE2.3.3.0
2025-10-31 17:54:16,014 [WARN] PackLoader:240 - Cannot read IP mode file for STMicroelectronics.X-CUBE-NFC9.1.0.0
2025-10-31 17:54:16,016 [INFO] WebApp:169 - Instantiating new browser for Auth
2025-10-31 17:54:16,025 [WARN] PackLoader:240 - Cannot read IP mode file for wolfSSL.I-CUBE-wolfSSL.5.8.0
2025-10-31 17:54:16,136 [WARN] PackLoader:240 - Cannot read IP mode file for STMicroelectronics.X-CUBE-BLE1.7.1.0
2025-10-31 17:54:16,141 [WARN] PackLoader:240 - Cannot read IP mode file for wolfSSL.I-CUBE-wolfMQTT.1.19.2
2025-10-31 17:54:16,155 [WARN] PackLoader:240 - Cannot read IP mode file for STMicroelectronics.X-CUBE-EEPRMA1.5.2.0
2025-10-31 17:54:16,164 [WARN] PackLoader:240 - Cannot read IP mode file for STMicroelectronics.X-CUBE-ST67W61.1.1.0
2025-10-31 17:54:16,221 [WARN] PackLoader:240 - Cannot read IP mode file for STMicroelectronics.X-CUBE-AI.10.1.0
2025-10-31 17:54:16,344 [WARN] PackLoader:240 - Cannot read IP mode file for STMicroelectronics.X-CUBE-MEMS1.11.2.0
2025-10-31 17:54:16,529 [WARN] PackLoader:240 - Cannot read IP mode file for STMicroelectronics.X-CUBE-AZRTOS-G0.1.1.0
2025-10-31 17:54:16,538 [WARN] PackLoader:240 - Cannot read IP mode file for STMicroelectronics.X-CUBE-SAFEA1.1.2.2
2025-10-31 17:54:16,546 [WARN] PackLoader:240 - Cannot read IP mode file for STMicroelectronics.X-CUBE-NFC4.3.0.0
2025-10-31 17:54:16,558 [WARN] PackLoader:240 - Cannot read IP mode file for EmbeddedOffice.I-CUBE-FS-RTOS.1.0.1
2025-10-31 17:54:16,565 [WARN] PackLoader:240 - Cannot read IP mode file for STMicroelectronics.X-CUBE-WB05N.2.0.0
2025-10-31 17:54:16,570 [WARN] PackLoader:240 - Cannot read IP mode file for wolfSSL.I-CUBE-wolfTPM.3.8.0
2025-10-31 17:54:16,579 [WARN] PackLoader:240 - Cannot read IP mode file for STMicroelectronics.X-CUBE-TCPP.4.2.0
2025-10-31 17:54:16,590 [WARN] PackLoader:240 - Cannot read IP mode file for RealThread.X-CUBE-RT-Thread_Nano.4.1.1
2025-10-31 17:54:16,598 [WARN] PackLoader:240 - Cannot read IP mode file for STMicroelectronics.FP-ATR-SIGFOX1.3.2.0
2025-10-31 17:54:16,603 [WARN] ConditionMgr:438 - getConditionDescription Invalid condition id : Cortex-A Device cause : null
2025-10-31 17:54:16,620 [WARN] ConditionMgr:1044 - genDependencies : Invalid condition id : Cortex-A Device cause : null
2025-10-31 17:54:16,620 [WARN] ConditionMgr:1044 - genDependencies : Invalid condition id : Cortex-A Device cause : null
2025-10-31 17:54:16,620 [WARN] ConditionMgr:1044 - genDependencies : Invalid condition id : Cortex-A Device cause : null
2025-10-31 17:54:16,628 [WARN] PackLoader:240 - Cannot read IP mode file for STMicroelectronics.X-CUBE-EEPRMA1.5.1.0
2025-10-31 17:54:16,634 [WARN] PackLoader:240 - Cannot read IP mode file for wolfSSL.I-CUBE-wolfSSL.5.7.4
2025-10-31 17:54:16,643 [WARN] PackLoader:240 - Cannot read IP mode file for ITTIA_DB.I-CUBE-ITTIADB.8.9.0
2025-10-31 17:54:16,649 [WARN] PackLoader:240 - Cannot read IP mode file for STMicroelectronics.X-CUBE-ST67W61.1.0.0
2025-10-31 17:54:16,657 [WARN] PackLoader:240 - Cannot read IP mode file for STMicroelectronics.X-CUBE-AI.10.2.0
2025-10-31 17:54:16,713 [WARN] PackLoader:240 - Cannot read IP mode file for SEGGER.I-CUBE-embOS.1.3.1
2025-10-31 17:54:16,758 [WARN] PackLoader:240 - Cannot read IP mode file for STMicroelectronics.X-CUBE-ALGOBUILD.1.4.0
2025-10-31 17:54:16,832 [WARN] PackLoader:240 - Cannot read IP mode file for STMicroelectronics.X-CUBE-MEMS1.11.3.0
2025-10-31 17:54:17,340 [WARN] PackLoader:240 - Cannot read IP mode file for STMicroelectronics.X-CUBE-AI.9.1.0
2025-10-31 17:54:17,352 [WARN] PackLoader:240 - Cannot read IP mode file for STMicroelectronics.X-CUBE-PM33A1.1.0.0
2025-10-31 17:54:17,373 [WARN] PackLoader:240 - Cannot read IP mode file for STMicroelectronics.X-CUBE-AZRTOS-F4.1.1.0
2025-10-31 17:54:17,390 [WARN] PackLoader:240 - Cannot read IP mode file for Avnet-IotConnect.X-CUBE-IoTC-DA16k-PMOD.1.0.0
2025-10-31 17:54:17,401 [WARN] PackLoader:240 - Cannot read IP mode file for STMicroelectronics.X-CUBE-ISPU.2.1.0
2025-10-31 17:54:17,437 [WARN] PackLoader:240 - Cannot read IP mode file for STMicroelectronics.X-CUBE-IPS.3.2.0
2025-10-31 17:54:17,484 [WARN] PackLoader:240 - Cannot read IP mode file for STMicroelectronics.X-CUBE-NFC12.1.0.0
2025-10-31 17:54:17,581 [WARN] PackLoader:240 - Cannot read IP mode file for STMicroelectronics.X-CUBE-AZRTOS-L5.2.0.0
2025-10-31 17:54:17,627 [WARN] PackLoader:240 - Cannot read IP mode file for STMicroelectronics.X-CUBE-NFC6.3.1.0
2025-10-31 17:54:17,654 [WARN] PackLoader:240 - Cannot read IP mode file for STMicroelectronics.X-CUBE-DPower.1.2.0
2025-10-31 17:54:17,664 [WARN] PackLoader:240 - Cannot read IP mode file for STMicroelectronics.X-CUBE-FREERTOS.1.3.1
2025-10-31 17:54:17,670 [WARN] PackLoader:240 - Cannot read IP mode file for STMicroelectronics.X-CUBE-FREERTOS.1.3.0
2025-10-31 17:54:17,678 [WARN] PackLoader:240 - Cannot read IP mode file for STMicroelectronics.X-CUBE-NFC7.1.0.1
2025-10-31 17:54:17,686 [WARN] PackLoader:240 - Cannot read IP mode file for STMicroelectronics.X-CUBE-TOUCHGFX.4.26.0
2025-10-31 17:54:17,696 [WARN] PackLoader:240 - Cannot read IP mode file for STMicroelectronics.FP-SNS-STAIOTCFT.1.0.0
2025-10-31 17:54:17,702 [WARN] PackLoader:240 - Cannot read IP mode file for STMicroelectronics.X-CUBE-DPower.1.3.0
2025-10-31 17:54:17,727 [WARN] ConditionMgr:438 - getConditionDescription Invalid condition id : LAN8742 Phy interface Condition cause : null
2025-10-31 17:54:17,728 [WARN] PackLoader:240 - Cannot read IP mode file for STMicroelectronics.X-CUBE-AZRTOS-L4.2.0.0
2025-10-31 17:54:17,731 [WARN] ConditionMgr:1044 - genDependencies : Invalid condition id : LAN8742 Phy interface Condition cause : null
2025-10-31 17:54:17,731 [WARN] ConditionMgr:1044 - genDependencies : Invalid condition id : LAN8742 Phy interface Condition cause : null
2025-10-31 17:54:17,732 [WARN] ConditionMgr:1044 - genDependencies : Invalid condition id : LAN8742 Phy interface Condition cause : null
2025-10-31 17:54:17,743 [WARN] PackLoader:240 - Cannot read IP mode file for STMicroelectronics.X-CUBE-SFXS2LP1.4.0.0
2025-10-31 17:54:17,852 [WARN] PackLoader:240 - Cannot read IP mode file for STMicroelectronics.X-CUBE-AZRTOS-H7.3.3.0
2025-10-31 17:54:17,874 [WARN] PackLoader:240 - Cannot read IP mode file for STMicroelectronics.X-CUBE-BLEMGR.4.1.0
2025-10-31 17:54:17,906 [WARN] PackLoader:240 - Cannot read IP mode file for STMicroelectronics.X-CUBE-IPS.3.0.0
2025-10-31 17:54:17,935 [WARN] ConditionMgr:438 - getConditionDescription Invalid condition id : UX DEVICE CLASS RTOS Condition cause : null
2025-10-31 17:54:17,935 [WARN] ConditionMgr:438 - getConditionDescription Invalid condition id : UX DEVICE CLASS RTOS Condition cause : null
2025-10-31 17:54:17,938 [WARN] PackLoader:240 - Cannot read IP mode file for STMicroelectronics.X-CUBE-AZRTOS-WB.2.0.0
2025-10-31 17:54:17,939 [WARN] ConditionMgr:1044 - genDependencies : Invalid condition id : UX DEVICE CLASS RTOS Condition cause : null
2025-10-31 17:54:17,940 [WARN] ConditionMgr:1044 - genDependencies : Invalid condition id : UX DEVICE CLASS RTOS Condition cause : null
2025-10-31 17:54:17,940 [WARN] ConditionMgr:1044 - genDependencies : Invalid condition id : UX DEVICE CLASS RTOS Condition cause : null
2025-10-31 17:54:17,940 [WARN] ConditionMgr:1044 - genDependencies : Invalid condition id : UX DEVICE CLASS RTOS Condition cause : null
2025-10-31 17:54:17,941 [WARN] ConditionMgr:1044 - genDependencies : Invalid condition id : UX DEVICE CLASS RTOS Condition cause : null
2025-10-31 17:54:17,953 [WARN] PackLoader:240 - Cannot read IP mode file for STMicroelectronics.X-CUBE-GNSS1.7.0.1
2025-10-31 17:54:17,959 [WARN] PackLoader:240 - Cannot read IP mode file for STMicroelectronics.X-CUBE-TOUCHGFX.4.25.0
2025-10-31 17:54:17,969 [WARN] PackLoader:240 - Cannot read IP mode file for STMicroelectronics.FP-SNS-STBOX1.2.0.0
2025-10-31 17:54:17,986 [WARN] PackLoader:240 - Cannot read IP mode file for STMicroelectronics.X-CUBE-SUBG2.5.0.0
2025-10-31 17:54:18,035 [WARN] PackLoader:240 - Cannot read IP mode file for STMicroelectronics.X-CUBE-AZRTOS-H7RS.1.1.0
2025-10-31 17:54:18,051 [WARN] PackLoader:240 - Cannot read IP mode file for Cesanta.I-CUBE-Mongoose.7.13.0
2025-10-31 17:54:18,072 [WARN] PackLoader:240 - Cannot read IP mode file for STMicroelectronics.X-CUBE-AZRTOS-G4.2.0.0
2025-10-31 17:54:18,083 [WARN] PackLoader:240 - Cannot read IP mode file for wolfSSL.I-CUBE-wolfSSH.1.4.20
2025-10-31 17:54:18,092 [WARN] PackLoader:240 - Cannot read IP mode file for STMicroelectronics.X-CUBE-NFC7.2.0.0
2025-10-31 17:54:18,111 [WARN] PackLoader:240 - Cannot read IP mode file for STMicroelectronics.X-CUBE-IPS.3.1.0
2025-10-31 17:54:18,130 [WARN] PackLoader:240 - Cannot read IP mode file for STMicroelectronics.X-CUBE-ALS.1.0.2
2025-10-31 17:54:18,136 [WARN] PackLoader:240 - Cannot read IP mode file for STMicroelectronics.X-CUBE-TOUCHGFX.4.24.1
2025-10-31 17:54:18,146 [WARN] PackLoader:240 - Cannot read IP mode file for STMicroelectronics.X-CUBE-STSE01.1.0.0
2025-10-31 17:54:18,152 [WARN] PackLoader:240 - Cannot read IP mode file for wolfSSL.I-CUBE-wolfTPM.3.4.0
2025-10-31 17:54:18,161 [WARN] PackLoader:240 - Cannot read IP mode file for portGmbH.I-Cube-SoM-uGOAL.1.1.0
2025-10-31 17:54:18,183 [WARN] PackLoader:240 - Cannot read IP mode file for STMicroelectronics.X-CUBE-AZRTOS-H7RS.1.0.0
2025-10-31 17:54:18,196 [WARN] PackLoader:240 - Cannot read IP mode file for STMicroelectronics.X-CUBE-TOF1.3.4.2
2025-10-31 17:54:18,227 [WARN] PackLoader:240 - Cannot read IP mode file for STMicroelectronics.X-CUBE-TOF1.3.4.3
2025-10-31 17:54:18,245 [WARN] PackLoader:240 - Cannot read IP mode file for wolfSSL.I-CUBE-wolfSSH.1.4.17
2025-10-31 17:54:18,246 [INFO] ThirdParty:978 - Integrity check success = true
2025-10-31 17:54:18,247 [INFO] IntegrityCheckThread:100 - exiting critical section [integrity check]
2025-10-31 17:54:18,247 [INFO] IntegrityCheckThread:103 - End integrity checks thread
2025-10-31 17:54:18,356 [INFO] WebApp:463 - Apply proxy settings
2025-10-31 17:54:18,410 [INFO] WebApp:508 - Chromium authenticates against Manually configured proxy
2025-10-31 17:54:18,437 [INFO] WebApp:516 - Username used for proxy authentication: 
2025-10-31 17:54:18,603 [INFO] WebApp:900 - Register for checkConnection events
2025-10-31 17:54:18,603 [INFO] WebApp:463 - Apply proxy settings
2025-10-31 17:54:18,629 [INFO] WebApp:508 - Chromium authenticates against Manually configured proxy
2025-10-31 17:54:18,630 [INFO] WebApp:516 - Username used for proxy authentication: 
2025-10-31 17:54:19,144 [INFO] WebApp:225 - Starting web application
2025-10-31 17:54:19,144 [INFO] WebApp:593 - Web application path used C:\ST\STM32CubeIDE_1.17.0\STM32CubeIDE\plugins\com.st.stm32cube.common.mx_6.15.0.202507011659\db\plugins\mcufinder\reactClient1\index.html
2025-10-31 17:54:19,452 [INFO] UserAuth:487 - Internet connection configuration mode: 1
2025-10-31 17:54:20,841 [INFO] WebApp:191 - Connection restablished
